running develop
running egg_info
creating auto_nav_pkg.egg-info
writing auto_nav_pkg.egg-info/PKG-INFO
writing dependency_links to auto_nav_pkg.egg-info/dependency_links.txt
writing entry points to auto_nav_pkg.egg-info/entry_points.txt
writing requirements to auto_nav_pkg.egg-info/requires.txt
writing top-level names to auto_nav_pkg.egg-info/top_level.txt
writing manifest file 'auto_nav_pkg.egg-info/SOURCES.txt'
reading manifest file 'auto_nav_pkg.egg-info/SOURCES.txt'
writing manifest file 'auto_nav_pkg.egg-info/SOURCES.txt'
running build_ext
Creating /home/sfr2023/team06_rover/install/auto_nav_pkg/lib/python3.10/site-packages/auto-nav-pkg.egg-link (link to .)

Installed /home/sfr2023/team06_rover/build/auto_nav_pkg
running install_data
creating /home/sfr2023/team06_rover/install/auto_nav_pkg/share/ament_index
creating /home/sfr2023/team06_rover/install/auto_nav_pkg/share/ament_index/resource_index
creating /home/sfr2023/team06_rover/install/auto_nav_pkg/share/ament_index/resource_index/packages
copying resource/auto_nav_pkg -> /home/sfr2023/team06_rover/install/auto_nav_pkg/share/ament_index/resource_index/packages
copying package.xml -> /home/sfr2023/team06_rover/install/auto_nav_pkg/share/auto_nav_pkg
