[0.908s] Invoking command in '/home/sfr2023/team06_rover/build/auto_nav_pkg': PYTHONPATH=/home/sfr2023/team06_rover/build/auto_nav_pkg/prefix_override:/home/sfr2023/team06_rover/install/auto_nav_pkg/lib/python3.10/site-packages:${PYTHONPATH} /usr/bin/python3 setup.py develop --editable --build-directory /home/sfr2023/team06_rover/build/auto_nav_pkg/build --no-deps install_data
[1.088s] running develop
[1.091s] /usr/lib/python3/dist-packages/setuptools/command/easy_install.py:158: EasyInstallDeprecationWarning: easy_install command is deprecated. Use build and pip and other standards-based tools.
[1.091s]   warnings.warn(
[1.092s] /usr/lib/python3/dist-packages/setuptools/command/install.py:34: SetuptoolsDeprecationWarning: setup.py install is deprecated. Use build and pip and other standards-based tools.
[1.092s]   warnings.warn(
[1.216s] running egg_info
[1.216s] creating auto_nav_pkg.egg-info
[1.216s] writing auto_nav_pkg.egg-info/PKG-INFO
[1.216s] writing dependency_links to auto_nav_pkg.egg-info/dependency_links.txt
[1.216s] writing entry points to auto_nav_pkg.egg-info/entry_points.txt
[1.216s] writing requirements to auto_nav_pkg.egg-info/requires.txt
[1.217s] writing top-level names to auto_nav_pkg.egg-info/top_level.txt
[1.217s] writing manifest file 'auto_nav_pkg.egg-info/SOURCES.txt'
[1.218s] reading manifest file 'auto_nav_pkg.egg-info/SOURCES.txt'
[1.218s] writing manifest file 'auto_nav_pkg.egg-info/SOURCES.txt'
[1.219s] running build_ext
[1.219s] Creating /home/sfr2023/team06_rover/install/auto_nav_pkg/lib/python3.10/site-packages/auto-nav-pkg.egg-link (link to .)
[1.220s] 
[1.220s] Installed /home/sfr2023/team06_rover/build/auto_nav_pkg
[1.220s] running install_data
[1.220s] creating /home/sfr2023/team06_rover/install/auto_nav_pkg/share/ament_index
[1.220s] creating /home/sfr2023/team06_rover/install/auto_nav_pkg/share/ament_index/resource_index
[1.220s] creating /home/sfr2023/team06_rover/install/auto_nav_pkg/share/ament_index/resource_index/packages
[1.220s] copying resource/auto_nav_pkg -> /home/sfr2023/team06_rover/install/auto_nav_pkg/share/ament_index/resource_index/packages
[1.220s] copying package.xml -> /home/sfr2023/team06_rover/install/auto_nav_pkg/share/auto_nav_pkg
[1.288s] Invoked command in '/home/sfr2023/team06_rover/build/auto_nav_pkg' returned '0': PYTHONPATH=/home/sfr2023/team06_rover/build/auto_nav_pkg/prefix_override:/home/sfr2023/team06_rover/install/auto_nav_pkg/lib/python3.10/site-packages:${PYTHONPATH} /usr/bin/python3 setup.py develop --editable --build-directory /home/sfr2023/team06_rover/build/auto_nav_pkg/build --no-deps install_data
