[0.699s] DEBUG:colcon:Command line arguments: ['/usr/bin/colcon', 'build', '--symlink-install']
[0.699s] DEBUG:colcon:Parsed command line arguments: Namespace(log_base=None, log_level=None, verb_name='build', build_base='build', install_base='install', merge_install=False, symlink_install=True, test_result_base=None, continue_on_error=False, executor='parallel', parallel_workers=12, event_handlers=None, ignore_user_meta=False, metas=['./colcon.meta'], base_paths=['.'], packages_ignore=None, packages_ignore_regex=None, paths=None, packages_up_to=None, packages_up_to_regex=None, packages_above=None, packages_above_and_dependencies=None, packages_above_depth=None, packages_select_by_dep=None, packages_skip_by_dep=None, packages_skip_up_to=None, packages_select_build_failed=False, packages_skip_build_finished=False, packages_select_test_failures=False, packages_skip_test_passed=False, packages_select=None, packages_skip=None, packages_select_regex=None, packages_skip_regex=None, packages_start=None, packages_end=None, allow_overriding=[], cmake_args=None, cmake_target=None, cmake_target_skip_unavailable=False, cmake_clean_cache=False, cmake_clean_first=False, cmake_force_configure=False, ament_cmake_args=None, catkin_cmake_args=None, catkin_skip_building_tests=False, verb_parser=<colcon_defaults.argument_parser.defaults.DefaultArgumentsDecorator object at 0x7592d96adf00>, verb_extension=<colcon_core.verb.build.BuildVerb object at 0x7592d96acb80>, main=<bound method BuildVerb.main of <colcon_core.verb.build.BuildVerb object at 0x7592d96acb80>>)
[0.746s] Level 1:colcon.colcon_core.package_discovery:discover_packages(colcon_meta) check parameters
[0.746s] Level 1:colcon.colcon_core.package_discovery:discover_packages(recursive) check parameters
[0.746s] Level 1:colcon.colcon_core.package_discovery:discover_packages(ignore) check parameters
[0.746s] Level 1:colcon.colcon_core.package_discovery:discover_packages(path) check parameters
[0.746s] Level 1:colcon.colcon_core.package_discovery:discover_packages(colcon_meta) discover
[0.746s] Level 1:colcon.colcon_core.package_discovery:discover_packages(recursive) discover
[0.746s] INFO:colcon.colcon_core.package_discovery:Crawling recursively for packages in '/home/sfr2023/team06_rover'
[0.746s] Level 1:colcon.colcon_core.package_identification:_identify(.) by extensions ['ignore', 'ignore_ament_install']
[0.746s] Level 1:colcon.colcon_core.package_identification:_identify(.) by extension 'ignore'
[0.746s] Level 1:colcon.colcon_core.package_identification:_identify(.) by extension 'ignore_ament_install'
[0.746s] Level 1:colcon.colcon_core.package_identification:_identify(.) by extensions ['colcon_pkg']
[0.747s] Level 1:colcon.colcon_core.package_identification:_identify(.) by extension 'colcon_pkg'
[0.747s] Level 1:colcon.colcon_core.package_identification:_identify(.) by extensions ['colcon_meta']
[0.747s] Level 1:colcon.colcon_core.package_identification:_identify(.) by extension 'colcon_meta'
[0.747s] Level 1:colcon.colcon_core.package_identification:_identify(.) by extensions ['ros']
[0.747s] Level 1:colcon.colcon_core.package_identification:_identify(.) by extension 'ros'
[0.756s] Level 1:colcon.colcon_core.package_identification:_identify(.) by extensions ['cmake', 'python']
[0.756s] Level 1:colcon.colcon_core.package_identification:_identify(.) by extension 'cmake'
[0.756s] Level 1:colcon.colcon_core.package_identification:_identify(.) by extension 'python'
[0.756s] Level 1:colcon.colcon_core.package_identification:_identify(.) by extensions ['python_setup_py']
[0.756s] Level 1:colcon.colcon_core.package_identification:_identify(.) by extension 'python_setup_py'
[0.756s] Level 1:colcon.colcon_core.package_identification:_identify(build) by extensions ['ignore', 'ignore_ament_install']
[0.756s] Level 1:colcon.colcon_core.package_identification:_identify(build) by extension 'ignore'
[0.756s] Level 1:colcon.colcon_core.package_identification:_identify(build) ignored
[0.756s] Level 1:colcon.colcon_core.package_identification:_identify(install) by extensions ['ignore', 'ignore_ament_install']
[0.756s] Level 1:colcon.colcon_core.package_identification:_identify(install) by extension 'ignore'
[0.756s] Level 1:colcon.colcon_core.package_identification:_identify(install) ignored
[0.756s] Level 1:colcon.colcon_core.package_identification:_identify(log) by extensions ['ignore', 'ignore_ament_install']
[0.756s] Level 1:colcon.colcon_core.package_identification:_identify(log) by extension 'ignore'
[0.756s] Level 1:colcon.colcon_core.package_identification:_identify(log) ignored
[0.756s] Level 1:colcon.colcon_core.package_identification:_identify(src) by extensions ['ignore', 'ignore_ament_install']
[0.756s] Level 1:colcon.colcon_core.package_identification:_identify(src) by extension 'ignore'
[0.756s] Level 1:colcon.colcon_core.package_identification:_identify(src) by extension 'ignore_ament_install'
[0.756s] Level 1:colcon.colcon_core.package_identification:_identify(src) by extensions ['colcon_pkg']
[0.756s] Level 1:colcon.colcon_core.package_identification:_identify(src) by extension 'colcon_pkg'
[0.756s] Level 1:colcon.colcon_core.package_identification:_identify(src) by extensions ['colcon_meta']
[0.756s] Level 1:colcon.colcon_core.package_identification:_identify(src) by extension 'colcon_meta'
[0.757s] Level 1:colcon.colcon_core.package_identification:_identify(src) by extensions ['ros']
[0.757s] Level 1:colcon.colcon_core.package_identification:_identify(src) by extension 'ros'
[0.757s] Level 1:colcon.colcon_core.package_identification:_identify(src) by extensions ['cmake', 'python']
[0.757s] Level 1:colcon.colcon_core.package_identification:_identify(src) by extension 'cmake'
[0.757s] Level 1:colcon.colcon_core.package_identification:_identify(src) by extension 'python'
[0.757s] Level 1:colcon.colcon_core.package_identification:_identify(src) by extensions ['python_setup_py']
[0.757s] Level 1:colcon.colcon_core.package_identification:_identify(src) by extension 'python_setup_py'
[0.757s] Level 1:colcon.colcon_core.package_identification:_identify(src/auto_nav_pkg) by extensions ['ignore', 'ignore_ament_install']
[0.757s] Level 1:colcon.colcon_core.package_identification:_identify(src/auto_nav_pkg) by extension 'ignore'
[0.757s] Level 1:colcon.colcon_core.package_identification:_identify(src/auto_nav_pkg) by extension 'ignore_ament_install'
[0.757s] Level 1:colcon.colcon_core.package_identification:_identify(src/auto_nav_pkg) by extensions ['colcon_pkg']
[0.757s] Level 1:colcon.colcon_core.package_identification:_identify(src/auto_nav_pkg) by extension 'colcon_pkg'
[0.757s] Level 1:colcon.colcon_core.package_identification:_identify(src/auto_nav_pkg) by extensions ['colcon_meta']
[0.757s] Level 1:colcon.colcon_core.package_identification:_identify(src/auto_nav_pkg) by extension 'colcon_meta'
[0.757s] Level 1:colcon.colcon_core.package_identification:_identify(src/auto_nav_pkg) by extensions ['ros']
[0.757s] Level 1:colcon.colcon_core.package_identification:_identify(src/auto_nav_pkg) by extension 'ros'
[0.759s] DEBUG:colcon.colcon_core.package_identification:Package 'src/auto_nav_pkg' with type 'ros.ament_python' and name 'auto_nav_pkg'
[0.759s] Level 1:colcon.colcon_core.package_identification:_identify(src/object_det_pkg) by extensions ['ignore', 'ignore_ament_install']
[0.759s] Level 1:colcon.colcon_core.package_identification:_identify(src/object_det_pkg) by extension 'ignore'
[0.759s] Level 1:colcon.colcon_core.package_identification:_identify(src/object_det_pkg) by extension 'ignore_ament_install'
[0.759s] Level 1:colcon.colcon_core.package_identification:_identify(src/object_det_pkg) by extensions ['colcon_pkg']
[0.759s] Level 1:colcon.colcon_core.package_identification:_identify(src/object_det_pkg) by extension 'colcon_pkg'
[0.759s] Level 1:colcon.colcon_core.package_identification:_identify(src/object_det_pkg) by extensions ['colcon_meta']
[0.759s] Level 1:colcon.colcon_core.package_identification:_identify(src/object_det_pkg) by extension 'colcon_meta'
[0.759s] Level 1:colcon.colcon_core.package_identification:_identify(src/object_det_pkg) by extensions ['ros']
[0.759s] Level 1:colcon.colcon_core.package_identification:_identify(src/object_det_pkg) by extension 'ros'
[0.760s] DEBUG:colcon.colcon_core.package_identification:Package 'src/object_det_pkg' with type 'ros.ament_python' and name 'object_det_pkg'
[0.760s] Level 1:colcon.colcon_core.package_discovery:discover_packages(recursive) using defaults
[0.760s] Level 1:colcon.colcon_core.package_discovery:discover_packages(ignore) discover
[0.760s] Level 1:colcon.colcon_core.package_discovery:discover_packages(ignore) using defaults
[0.760s] Level 1:colcon.colcon_core.package_discovery:discover_packages(path) discover
[0.760s] Level 1:colcon.colcon_core.package_discovery:discover_packages(path) using defaults
[0.823s] Level 1:colcon.colcon_core.package_discovery:discover_packages(prefix_path) check parameters
[0.823s] Level 1:colcon.colcon_core.package_discovery:discover_packages(prefix_path) discover
[0.851s] DEBUG:colcon.colcon_installed_package_information.package_discovery:Found 15 installed packages in /home/sfr2023/ros2_tutorial_workspace/install
[0.861s] DEBUG:colcon.colcon_installed_package_information.package_discovery:Found 360 installed packages in /opt/ros/humble
[0.862s] Level 1:colcon.colcon_core.package_discovery:discover_packages(prefix_path) using defaults
[0.941s] Level 5:colcon.colcon_core.verb:set package 'auto_nav_pkg' build argument 'cmake_args' from command line to 'None'
[0.941s] Level 5:colcon.colcon_core.verb:set package 'auto_nav_pkg' build argument 'cmake_target' from command line to 'None'
[0.941s] Level 5:colcon.colcon_core.verb:set package 'auto_nav_pkg' build argument 'cmake_target_skip_unavailable' from command line to 'False'
[0.941s] Level 5:colcon.colcon_core.verb:set package 'auto_nav_pkg' build argument 'cmake_clean_cache' from command line to 'False'
[0.941s] Level 5:colcon.colcon_core.verb:set package 'auto_nav_pkg' build argument 'cmake_clean_first' from command line to 'False'
[0.941s] Level 5:colcon.colcon_core.verb:set package 'auto_nav_pkg' build argument 'cmake_force_configure' from command line to 'False'
[0.941s] Level 5:colcon.colcon_core.verb:set package 'auto_nav_pkg' build argument 'ament_cmake_args' from command line to 'None'
[0.941s] Level 5:colcon.colcon_core.verb:set package 'auto_nav_pkg' build argument 'catkin_cmake_args' from command line to 'None'
[0.941s] Level 5:colcon.colcon_core.verb:set package 'auto_nav_pkg' build argument 'catkin_skip_building_tests' from command line to 'False'
[0.942s] DEBUG:colcon.colcon_core.verb:Building package 'auto_nav_pkg' with the following arguments: {'ament_cmake_args': None, 'build_base': '/home/sfr2023/team06_rover/build/auto_nav_pkg', 'catkin_cmake_args': None, 'catkin_skip_building_tests': False, 'cmake_args': None, 'cmake_clean_cache': False, 'cmake_clean_first': False, 'cmake_force_configure': False, 'cmake_target': None, 'cmake_target_skip_unavailable': False, 'install_base': '/home/sfr2023/team06_rover/install/auto_nav_pkg', 'merge_install': False, 'path': '/home/sfr2023/team06_rover/src/auto_nav_pkg', 'symlink_install': True, 'test_result_base': None}
[0.950s] Level 5:colcon.colcon_core.verb:set package 'object_det_pkg' build argument 'cmake_args' from command line to 'None'
[0.950s] Level 5:colcon.colcon_core.verb:set package 'object_det_pkg' build argument 'cmake_target' from command line to 'None'
[0.950s] Level 5:colcon.colcon_core.verb:set package 'object_det_pkg' build argument 'cmake_target_skip_unavailable' from command line to 'False'
[0.950s] Level 5:colcon.colcon_core.verb:set package 'object_det_pkg' build argument 'cmake_clean_cache' from command line to 'False'
[0.950s] Level 5:colcon.colcon_core.verb:set package 'object_det_pkg' build argument 'cmake_clean_first' from command line to 'False'
[0.950s] Level 5:colcon.colcon_core.verb:set package 'object_det_pkg' build argument 'cmake_force_configure' from command line to 'False'
[0.950s] Level 5:colcon.colcon_core.verb:set package 'object_det_pkg' build argument 'ament_cmake_args' from command line to 'None'
[0.950s] Level 5:colcon.colcon_core.verb:set package 'object_det_pkg' build argument 'catkin_cmake_args' from command line to 'None'
[0.950s] Level 5:colcon.colcon_core.verb:set package 'object_det_pkg' build argument 'catkin_skip_building_tests' from command line to 'False'
[0.950s] DEBUG:colcon.colcon_core.verb:Building package 'object_det_pkg' with the following arguments: {'ament_cmake_args': None, 'build_base': '/home/sfr2023/team06_rover/build/object_det_pkg', 'catkin_cmake_args': None, 'catkin_skip_building_tests': False, 'cmake_args': None, 'cmake_clean_cache': False, 'cmake_clean_first': False, 'cmake_force_configure': False, 'cmake_target': None, 'cmake_target_skip_unavailable': False, 'install_base': '/home/sfr2023/team06_rover/install/object_det_pkg', 'merge_install': False, 'path': '/home/sfr2023/team06_rover/src/object_det_pkg', 'symlink_install': True, 'test_result_base': None}
[0.959s] INFO:colcon.colcon_core.executor:Executing jobs using 'parallel' executor
[0.968s] DEBUG:colcon.colcon_parallel_executor.executor.parallel:run_until_complete
[0.968s] INFO:colcon.colcon_ros.task.ament_python.build:Building ROS package in '/home/sfr2023/team06_rover/src/auto_nav_pkg' with build type 'ament_python'
[0.968s] Level 1:colcon.colcon_core.shell:create_environment_hook('auto_nav_pkg', 'ament_prefix_path')
[0.982s] INFO:colcon.colcon_core.plugin_system:Skipping extension 'colcon_core.shell.bat': Not used on non-Windows systems
[0.982s] INFO:colcon.colcon_core.shell:Creating environment hook '/home/sfr2023/team06_rover/install/auto_nav_pkg/share/auto_nav_pkg/hook/ament_prefix_path.ps1'
[0.983s] INFO:colcon.colcon_core.shell:Creating environment descriptor '/home/sfr2023/team06_rover/install/auto_nav_pkg/share/auto_nav_pkg/hook/ament_prefix_path.dsv'
[0.983s] INFO:colcon.colcon_core.shell:Creating environment hook '/home/sfr2023/team06_rover/install/auto_nav_pkg/share/auto_nav_pkg/hook/ament_prefix_path.sh'
[0.993s] INFO:colcon.colcon_core.shell:Skip shell extension 'powershell' for command environment: Not usable outside of PowerShell
[0.993s] DEBUG:colcon.colcon_core.shell:Skip shell extension 'dsv' for command environment
[1.027s] INFO:colcon.colcon_ros.task.ament_python.build:Building ROS package in '/home/sfr2023/team06_rover/src/object_det_pkg' with build type 'ament_python'
[1.027s] Level 1:colcon.colcon_core.shell:create_environment_hook('object_det_pkg', 'ament_prefix_path')
[1.038s] INFO:colcon.colcon_core.shell:Creating environment hook '/home/sfr2023/team06_rover/install/object_det_pkg/share/object_det_pkg/hook/ament_prefix_path.ps1'
[1.038s] INFO:colcon.colcon_core.shell:Creating environment descriptor '/home/sfr2023/team06_rover/install/object_det_pkg/share/object_det_pkg/hook/ament_prefix_path.dsv'
[1.039s] INFO:colcon.colcon_core.shell:Creating environment hook '/home/sfr2023/team06_rover/install/object_det_pkg/share/object_det_pkg/hook/ament_prefix_path.sh'
[1.052s] INFO:colcon.colcon_core.shell:Skip shell extension 'powershell' for command environment: Not usable outside of PowerShell
[1.052s] DEBUG:colcon.colcon_core.shell:Skip shell extension 'dsv' for command environment
[1.273s] INFO:colcon.colcon_core.task.python.build:Building Python package in '/home/sfr2023/team06_rover/src/auto_nav_pkg'
[1.283s] INFO:colcon.colcon_core.shell:Skip shell extension 'powershell' for command environment: Not usable outside of PowerShell
[1.283s] DEBUG:colcon.colcon_core.shell:Skip shell extension 'dsv' for command environment
[1.488s] INFO:colcon.colcon_core.task.python.build:Building Python package in '/home/sfr2023/team06_rover/src/object_det_pkg'
[1.498s] INFO:colcon.colcon_core.shell:Skip shell extension 'powershell' for command environment: Not usable outside of PowerShell
[1.498s] DEBUG:colcon.colcon_core.shell:Skip shell extension 'dsv' for command environment
[1.877s] DEBUG:colcon.colcon_core.event_handler.log_command:Invoking command in '/home/sfr2023/team06_rover/build/auto_nav_pkg': PYTHONPATH=/home/sfr2023/team06_rover/build/auto_nav_pkg/prefix_override:/home/sfr2023/team06_rover/install/auto_nav_pkg/lib/python3.10/site-packages:${PYTHONPATH} /usr/bin/python3 setup.py develop --editable --build-directory /home/sfr2023/team06_rover/build/auto_nav_pkg/build --no-deps install_data
[1.879s] DEBUG:colcon.colcon_core.event_handler.log_command:Invoking command in '/home/sfr2023/team06_rover/build/object_det_pkg': PYTHONPATH=/home/sfr2023/team06_rover/build/object_det_pkg/prefix_override:/home/sfr2023/team06_rover/install/object_det_pkg/lib/python3.10/site-packages:${PYTHONPATH} /usr/bin/python3 setup.py develop --editable --build-directory /home/sfr2023/team06_rover/build/object_det_pkg/build --no-deps install_data
[2.199s] Level 1:colcon.colcon_core.shell:create_environment_hook('object_det_pkg', 'pythonpath_develop')
[2.200s] DEBUG:colcon.colcon_core.event_handler.log_command:Invoked command in '/home/sfr2023/team06_rover/build/object_det_pkg' returned '0': PYTHONPATH=/home/sfr2023/team06_rover/build/object_det_pkg/prefix_override:/home/sfr2023/team06_rover/install/object_det_pkg/lib/python3.10/site-packages:${PYTHONPATH} /usr/bin/python3 setup.py develop --editable --build-directory /home/sfr2023/team06_rover/build/object_det_pkg/build --no-deps install_data
[2.218s] INFO:colcon.colcon_core.shell:Creating environment hook '/home/sfr2023/team06_rover/build/object_det_pkg/share/object_det_pkg/hook/pythonpath_develop.ps1'
[2.218s] INFO:colcon.colcon_core.shell:Creating environment descriptor '/home/sfr2023/team06_rover/build/object_det_pkg/share/object_det_pkg/hook/pythonpath_develop.dsv'
[2.218s] INFO:colcon.colcon_core.shell:Creating environment hook '/home/sfr2023/team06_rover/build/object_det_pkg/share/object_det_pkg/hook/pythonpath_develop.sh'
[2.232s] Level 1:colcon.colcon_core.environment:checking '/home/sfr2023/team06_rover/install/object_det_pkg' for CMake module files
[2.232s] Level 1:colcon.colcon_core.environment:checking '/home/sfr2023/team06_rover/install/object_det_pkg' for CMake config files
[2.232s] Level 1:colcon.colcon_core.environment:checking '/home/sfr2023/team06_rover/install/object_det_pkg/lib'
[2.232s] Level 1:colcon.colcon_core.environment:checking '/home/sfr2023/team06_rover/install/object_det_pkg/bin'
[2.232s] Level 1:colcon.colcon_core.environment:checking '/home/sfr2023/team06_rover/install/object_det_pkg/lib/pkgconfig/object_det_pkg.pc'
[2.233s] Level 1:colcon.colcon_core.environment:checking '/home/sfr2023/team06_rover/install/object_det_pkg/lib/python3.10/site-packages'
[2.233s] Level 1:colcon.colcon_core.shell:create_environment_hook('object_det_pkg', 'pythonpath')
[2.242s] INFO:colcon.colcon_core.shell:Creating environment hook '/home/sfr2023/team06_rover/install/object_det_pkg/share/object_det_pkg/hook/pythonpath.ps1'
[2.242s] INFO:colcon.colcon_core.shell:Creating environment descriptor '/home/sfr2023/team06_rover/install/object_det_pkg/share/object_det_pkg/hook/pythonpath.dsv'
[2.242s] INFO:colcon.colcon_core.shell:Creating environment hook '/home/sfr2023/team06_rover/install/object_det_pkg/share/object_det_pkg/hook/pythonpath.sh'
[2.243s] Level 1:colcon.colcon_core.environment:checking '/home/sfr2023/team06_rover/install/object_det_pkg/bin'
[2.243s] Level 1:colcon.colcon_core.environment:create_environment_scripts_only(object_det_pkg)
[2.252s] INFO:colcon.colcon_core.shell:Creating package script '/home/sfr2023/team06_rover/install/object_det_pkg/share/object_det_pkg/package.ps1'
[2.252s] INFO:colcon.colcon_core.shell:Creating package descriptor '/home/sfr2023/team06_rover/install/object_det_pkg/share/object_det_pkg/package.dsv'
[2.253s] INFO:colcon.colcon_core.shell:Creating package script '/home/sfr2023/team06_rover/install/object_det_pkg/share/object_det_pkg/package.sh'
[2.254s] INFO:colcon.colcon_core.shell:Creating package script '/home/sfr2023/team06_rover/install/object_det_pkg/share/object_det_pkg/package.bash'
[2.255s] INFO:colcon.colcon_core.shell:Creating package script '/home/sfr2023/team06_rover/install/object_det_pkg/share/object_det_pkg/package.zsh'
[2.256s] Level 1:colcon.colcon_core.environment:create_file_with_runtime_dependencies(/home/sfr2023/team06_rover/install/object_det_pkg/share/colcon-core/packages/object_det_pkg)
[2.257s] Level 1:colcon.colcon_core.shell:create_environment_hook('auto_nav_pkg', 'pythonpath_develop')
[2.257s] DEBUG:colcon.colcon_core.event_handler.log_command:Invoked command in '/home/sfr2023/team06_rover/build/auto_nav_pkg' returned '0': PYTHONPATH=/home/sfr2023/team06_rover/build/auto_nav_pkg/prefix_override:/home/sfr2023/team06_rover/install/auto_nav_pkg/lib/python3.10/site-packages:${PYTHONPATH} /usr/bin/python3 setup.py develop --editable --build-directory /home/sfr2023/team06_rover/build/auto_nav_pkg/build --no-deps install_data
[2.266s] INFO:colcon.colcon_core.shell:Creating environment hook '/home/sfr2023/team06_rover/build/auto_nav_pkg/share/auto_nav_pkg/hook/pythonpath_develop.ps1'
[2.266s] INFO:colcon.colcon_core.shell:Creating environment descriptor '/home/sfr2023/team06_rover/build/auto_nav_pkg/share/auto_nav_pkg/hook/pythonpath_develop.dsv'
[2.266s] INFO:colcon.colcon_core.shell:Creating environment hook '/home/sfr2023/team06_rover/build/auto_nav_pkg/share/auto_nav_pkg/hook/pythonpath_develop.sh'
[2.278s] Level 1:colcon.colcon_core.environment:checking '/home/sfr2023/team06_rover/install/auto_nav_pkg' for CMake module files
[2.278s] Level 1:colcon.colcon_core.environment:checking '/home/sfr2023/team06_rover/install/auto_nav_pkg' for CMake config files
[2.279s] Level 1:colcon.colcon_core.environment:checking '/home/sfr2023/team06_rover/install/auto_nav_pkg/lib'
[2.279s] Level 1:colcon.colcon_core.environment:checking '/home/sfr2023/team06_rover/install/auto_nav_pkg/bin'
[2.279s] Level 1:colcon.colcon_core.environment:checking '/home/sfr2023/team06_rover/install/auto_nav_pkg/lib/pkgconfig/auto_nav_pkg.pc'
[2.280s] Level 1:colcon.colcon_core.environment:checking '/home/sfr2023/team06_rover/install/auto_nav_pkg/lib/python3.10/site-packages'
[2.280s] Level 1:colcon.colcon_core.shell:create_environment_hook('auto_nav_pkg', 'pythonpath')
[2.300s] INFO:colcon.colcon_core.shell:Creating environment hook '/home/sfr2023/team06_rover/install/auto_nav_pkg/share/auto_nav_pkg/hook/pythonpath.ps1'
[2.300s] INFO:colcon.colcon_core.shell:Creating environment descriptor '/home/sfr2023/team06_rover/install/auto_nav_pkg/share/auto_nav_pkg/hook/pythonpath.dsv'
[2.300s] INFO:colcon.colcon_core.shell:Creating environment hook '/home/sfr2023/team06_rover/install/auto_nav_pkg/share/auto_nav_pkg/hook/pythonpath.sh'
[2.301s] Level 1:colcon.colcon_core.environment:checking '/home/sfr2023/team06_rover/install/auto_nav_pkg/bin'
[2.301s] Level 1:colcon.colcon_core.environment:create_environment_scripts_only(auto_nav_pkg)
[2.311s] INFO:colcon.colcon_core.shell:Creating package script '/home/sfr2023/team06_rover/install/auto_nav_pkg/share/auto_nav_pkg/package.ps1'
[2.311s] INFO:colcon.colcon_core.shell:Creating package descriptor '/home/sfr2023/team06_rover/install/auto_nav_pkg/share/auto_nav_pkg/package.dsv'
[2.311s] INFO:colcon.colcon_core.shell:Creating package script '/home/sfr2023/team06_rover/install/auto_nav_pkg/share/auto_nav_pkg/package.sh'
[2.312s] INFO:colcon.colcon_core.shell:Creating package script '/home/sfr2023/team06_rover/install/auto_nav_pkg/share/auto_nav_pkg/package.bash'
[2.312s] INFO:colcon.colcon_core.shell:Creating package script '/home/sfr2023/team06_rover/install/auto_nav_pkg/share/auto_nav_pkg/package.zsh'
[2.312s] Level 1:colcon.colcon_core.environment:create_file_with_runtime_dependencies(/home/sfr2023/team06_rover/install/auto_nav_pkg/share/colcon-core/packages/auto_nav_pkg)
[2.312s] DEBUG:colcon.colcon_parallel_executor.executor.parallel:closing loop
[2.312s] DEBUG:colcon.colcon_parallel_executor.executor.parallel:loop closed
[2.312s] DEBUG:colcon.colcon_parallel_executor.executor.parallel:run_until_complete finished with '0'
[2.312s] DEBUG:colcon.colcon_core.event_reactor:joining thread
[2.338s] INFO:colcon.colcon_core.plugin_system:Skipping extension 'colcon_notification.desktop_notification.terminal_notifier': Not used on non-Darwin systems
[2.338s] INFO:colcon.colcon_core.plugin_system:Skipping extension 'colcon_notification.desktop_notification.win32': Not used on non-Windows systems
[2.338s] INFO:colcon.colcon_notification.desktop_notification:Sending desktop notification using 'notify2'
[2.357s] DEBUG:colcon.colcon_core.event_reactor:joined thread
[2.382s] INFO:colcon.colcon_core.shell:Creating prefix script '/home/sfr2023/team06_rover/install/local_setup.ps1'
[2.383s] INFO:colcon.colcon_core.shell:Creating prefix util module '/home/sfr2023/team06_rover/install/_local_setup_util_ps1.py'
[2.385s] INFO:colcon.colcon_core.shell:Creating prefix chain script '/home/sfr2023/team06_rover/install/setup.ps1'
[2.409s] INFO:colcon.colcon_core.shell:Creating prefix script '/home/sfr2023/team06_rover/install/local_setup.sh'
[2.410s] INFO:colcon.colcon_core.shell:Creating prefix util module '/home/sfr2023/team06_rover/install/_local_setup_util_sh.py'
[2.411s] INFO:colcon.colcon_core.shell:Creating prefix chain script '/home/sfr2023/team06_rover/install/setup.sh'
[2.432s] INFO:colcon.colcon_core.shell:Creating prefix script '/home/sfr2023/team06_rover/install/local_setup.bash'
[2.432s] INFO:colcon.colcon_core.shell:Creating prefix chain script '/home/sfr2023/team06_rover/install/setup.bash'
[2.447s] INFO:colcon.colcon_core.shell:Creating prefix script '/home/sfr2023/team06_rover/install/local_setup.zsh'
[2.447s] INFO:colcon.colcon_core.shell:Creating prefix chain script '/home/sfr2023/team06_rover/install/setup.zsh'
